#
# There is insufficient memory for the Java Runtime Environment to continue.
# Native memory allocation (malloc) failed to allocate 32784 bytes for Chunk::new
# Possible reasons:
#   The system is out of physical RAM or swap space
#   In 32 bit mode, the process size limit was hit
# Possible solutions:
#   Reduce memory load on the system
#   Increase physical memory or swap space
#   Check if swap backing store is full
#   Use 64 bit Java on a 64 bit OS
#   Decrease Java heap size (-Xmx/-Xms)
#   Decrease number of Java threads
#   Decrease Java thread stack sizes (-Xss)
#   Set larger code cache with -XX:ReservedCodeCacheSize=
# This output file may be truncated or incomplete.
#
#  Out of Memory Error (allocation.cpp:390), pid=10528, tid=14456
#
# JRE version: Java(TM) SE Runtime Environment (8.0_91-b15) (build 1.8.0_91-b15)
# Java VM: Java HotSpot(TM) 64-Bit Server VM (25.91-b15 mixed mode windows-amd64 compressed oops)
# Failed to write core dump. Minidumps are not enabled by default on client versions of Windows
#

---------------  T H R E A D  ---------------

Current thread (0x000000001595e800):  JavaThread "C2 CompilerThread0" daemon [_thread_in_native, id=14456, stack(0x0000000016fb0000,0x00000000170b0000)]

Stack: [0x0000000016fb0000,0x00000000170b0000]
[error occurred during error reporting (printing stack bounds), id 0xc0000005]

Native frames: (J=compiled Java code, j=interpreted, Vv=VM code, C=native code)


Current CompileTask:
C2:   2399 1225 %     4       com.android.dx.ssa.SsaMethod::computeReachability @ 52 (131 bytes)


---------------  P R O C E S S  ---------------

Java Threads: ( => current thread )
  0x000000001742b800 JavaThread "pool-2-thread-4" [_thread_in_Java, id=15096, stack(0x0000000017cb0000,0x0000000017db0000)]
  0x0000000017418000 JavaThread "pool-2-thread-3" [_thread_in_Java, id=15732, stack(0x0000000017bb0000,0x0000000017cb0000)]
  0x0000000017466000 JavaThread "pool-2-thread-2" [_thread_in_vm, id=13632, stack(0x0000000017ab0000,0x0000000017bb0000)]
  0x0000000017456800 JavaThread "pool-3-thread-1" [_thread_blocked, id=14280, stack(0x00000000179b0000,0x0000000017ab0000)]
  0x0000000017453800 JavaThread "pool-2-thread-1" [_thread_in_Java, id=13388, stack(0x00000000178b0000,0x00000000179b0000)]
  0x00000000171bb800 JavaThread "Service Thread" daemon [_thread_blocked, id=11348, stack(0x00000000176b0000,0x00000000177b0000)]
  0x00000000171b8800 JavaThread "C1 CompilerThread2" daemon [_thread_blocked, id=14196, stack(0x00000000175b0000,0x00000000176b0000)]
  0x0000000015960800 JavaThread "C2 CompilerThread1" daemon [_thread_in_native, id=12056, stack(0x00000000170b0000,0x00000000171b0000)]
=>0x000000001595e800 JavaThread "C2 CompilerThread0" daemon [_thread_in_native, id=14456, stack(0x0000000016fb0000,0x00000000170b0000)]
  0x000000001595b800 JavaThread "Attach Listener" daemon [_thread_blocked, id=13284, stack(0x0000000016eb0000,0x0000000016fb0000)]
  0x000000001595a800 JavaThread "Signal Dispatcher" daemon [_thread_blocked, id=11384, stack(0x0000000016db0000,0x0000000016eb0000)]
  0x000000000328b800 JavaThread "Finalizer" daemon [_thread_blocked, id=15176, stack(0x0000000016bc0000,0x0000000016cc0000)]
  0x0000000003280000 JavaThread "Reference Handler" daemon [_thread_blocked, id=13668, stack(0x0000000016ac0000,0x0000000016bc0000)]
  0x0000000003190800 JavaThread "main" [_thread_in_Java, id=6912, stack(0x0000000003090000,0x0000000003190000)]

Other Threads:
  0x0000000015928000 VMThread [stack: 0x00000000169c0000,0x0000000016ac0000] [id=12312]
  0x00000000171c0000 WatcherThread [stack: 0x00000000177b0000,0x00000000178b0000] [id=9988]

VM state:not at safepoint (normal execution)

VM Mutex/Monitor currently owned by a thread: None

Heap:
 PSYoungGen      total 28672K, used 13896K [0x00000000eab00000, 0x00000000ecb00000, 0x0000000100000000)
  eden space 24576K, 40% used [0x00000000eab00000,0x00000000eb499f10,0x00000000ec300000)
  from space 4096K, 99% used [0x00000000ec300000,0x00000000ec6f8450,0x00000000ec700000)
  to   space 4096K, 0% used [0x00000000ec700000,0x00000000ec700000,0x00000000ecb00000)
 ParOldGen       total 65536K, used 669K [0x00000000c0000000, 0x00000000c4000000, 0x00000000eab00000)
  object space 65536K, 1% used [0x00000000c0000000,0x00000000c00a7680,0x00000000c4000000)
 Metaspace       used 5838K, capacity 6896K, committed 7040K, reserved 1056768K
  class space    used 587K, capacity 616K, committed 640K, reserved 1048576K

Card table byte_map: [0x0000000012650000,0x0000000012860000] byte_map_base: 0x0000000012050000

Marking Bits: (ParMarkBitMap*) 0x00000000611a2f70
 Begin Bits: [0x0000000012dc0000, 0x0000000013dc0000)
 End Bits:   [0x0000000013dc0000, 0x0000000014dc0000)

Polling page: 0x0000000001830000

CodeCache: size=245760Kb used=4757Kb max_used=4757Kb free=241002Kb
 bounds [0x0000000003290000, 0x0000000003740000, 0x0000000012290000]
 total_blobs=1492 nmethods=1229 adapters=176
 compilation: enabled

Compilation events (10 events):
Event: 2.389 Thread 0x000000001595e800 1225 %     4       com.android.dx.ssa.SsaMethod::computeReachability @ 52 (131 bytes)
Event: 2.389 Thread 0x00000000171b8800 1226       3       com.android.dx.ssa.SsaMethod::getCountReachableBlocks (44 bytes)
Event: 2.390 Thread 0x00000000171b8800 nmethod 1226 0x0000000003732090 code [0x0000000003732260, 0x0000000003732b18]
Event: 2.394 Thread 0x00000000171b8800 1227       3       com.android.dx.ssa.back.IdenticalBlockCombiner::process (323 bytes)
Event: 2.394 Thread 0x0000000015960800 1230       4       com.android.dx.rop.cst.CstString::compareTo0 (15 bytes)
Event: 2.395 Thread 0x0000000015960800 nmethod 1230 0x0000000003720290 code [0x00000000037203e0, 0x0000000003720558]
Event: 2.396 Thread 0x00000000171b8800 nmethod 1227 0x0000000003735c50 code [0x0000000003735fe0, 0x0000000003738498]
Event: 2.396 Thread 0x00000000171b8800 1228       3       java.util.HashMap::<init> (8 bytes)
Event: 2.397 Thread 0x00000000171b8800 nmethod 1228 0x0000000003735890 code [0x0000000003735a20, 0x0000000003735ba8]
Event: 2.397 Thread 0x00000000171b8800 1229       3       java.util.HashMap::<init> (98 bytes)

GC Heap History (2 events):
Event: 1.701 GC heap before
{Heap before GC invocations=1 (full 0):
 PSYoungGen      total 28672K, used 24576K [0x00000000eab00000, 0x00000000ecb00000, 0x0000000100000000)
  eden space 24576K, 100% used [0x00000000eab00000,0x00000000ec300000,0x00000000ec300000)
  from space 4096K, 0% used [0x00000000ec700000,0x00000000ec700000,0x00000000ecb00000)
  to   space 4096K, 0% used [0x00000000ec300000,0x00000000ec300000,0x00000000ec700000)
 ParOldGen       total 65536K, used 0K [0x00000000c0000000, 0x00000000c4000000, 0x00000000eab00000)
  object space 65536K, 0% used [0x00000000c0000000,0x00000000c0000000,0x00000000c4000000)
 Metaspace       used 5733K, capacity 6832K, committed 7040K, reserved 1056768K
  class space    used 586K, capacity 616K, committed 640K, reserved 1048576K
Event: 1.964 GC heap after
Heap after GC invocations=1 (full 0):
 PSYoungGen      total 28672K, used 4065K [0x00000000eab00000, 0x00000000ecb00000, 0x0000000100000000)
  eden space 24576K, 0% used [0x00000000eab00000,0x00000000eab00000,0x00000000ec300000)
  from space 4096K, 99% used [0x00000000ec300000,0x00000000ec6f8450,0x00000000ec700000)
  to   space 4096K, 0% used [0x00000000ec700000,0x00000000ec700000,0x00000000ecb00000)
 ParOldGen       total 65536K, used 669K [0x00000000c0000000, 0x00000000c4000000, 0x00000000eab00000)
  object space 65536K, 1% used [0x00000000c0000000,0x00000000c00a7680,0x00000000c4000000)
 Metaspace       used 5733K, capacity 6832K, committed 7040K, reserved 1056768K
  class space    used 586K, capacity 616K, committed 640K, reserved 1048576K
}

Deoptimization events (8 events):
Event: 0.612 Thread 0x0000000003190800 Uncommon trap: reason=unstable_if action=reinterpret pc=0x00000000033e96d4 method=java.lang.String.compareTo(Ljava/lang/String;)I @ 38
Event: 0.973 Thread 0x0000000017453800 Uncommon trap: reason=unstable_if action=reinterpret pc=0x00000000034c35ec method=java.util.HashMap.getNode(ILjava/lang/Object;)Ljava/util/HashMap$Node; @ 62
Event: 1.212 Thread 0x000000001742b800 Uncommon trap: reason=unstable_if action=reinterpret pc=0x00000000034f9904 method=java.util.HashMap.getNode(ILjava/lang/Object;)Ljava/util/HashMap$Node; @ 129
Event: 1.676 Thread 0x0000000003190800 Uncommon trap: reason=class_check action=maybe_recompile pc=0x00000000034c9e54 method=com.android.dx.ssa.NormalSsaInsn.accept(Lcom/android/dx/ssa/SsaInsn$Visitor;)V @ 9
Event: 1.677 Thread 0x0000000003190800 Uncommon trap: reason=class_check action=maybe_recompile pc=0x00000000034c9e54 method=com.android.dx.ssa.NormalSsaInsn.accept(Lcom/android/dx/ssa/SsaInsn$Visitor;)V @ 9
Event: 1.677 Thread 0x0000000003190800 Uncommon trap: reason=class_check action=maybe_recompile pc=0x00000000034c9e54 method=com.android.dx.ssa.NormalSsaInsn.accept(Lcom/android/dx/ssa/SsaInsn$Visitor;)V @ 9
Event: 1.677 Thread 0x0000000003190800 Uncommon trap: reason=class_check action=maybe_recompile pc=0x00000000034c9e54 method=com.android.dx.ssa.NormalSsaInsn.accept(Lcom/android/dx/ssa/SsaInsn$Visitor;)V @ 9
Event: 1.678 Thread 0x0000000003190800 Uncommon trap: reason=class_check action=maybe_recompile pc=0x00000000034c52b0 method=com.android.dx.ssa.NormalSsaInsn.accept(Lcom/android/dx/ssa/SsaInsn$Visitor;)V @ 9

Internal exceptions (2 events):
Event: 0.063 Thread 0x0000000003190800 Exception <a 'java/lang/NoSuchMethodError': Method sun.misc.Unsafe.defineClass(Ljava/lang/String;[BII)Ljava/lang/Class; name or signature does not match> (0x00000000eab07cc0) thrown at [C:\re\workspace\8-2-build-windows-amd64-cygwin\jdk8u91\7017\hotspot\srŒ½F°?
Event: 0.064 Thread 0x0000000003190800 Exception <a 'java/lang/NoSuchMethodError': Method sun.misc.Unsafe.prefetchRead(Ljava/lang/Object;J)V name or signature does not match> (0x00000000eab07fa8) thrown at [C:\re\workspace\8-2-build-windows-amd64-cygwin\jdk8u91\7017\hotspot\src\share\vm\prims\j

Events (10 events):
Event: 1.677 Executing VM operation: ForceSafepoint done
Event: 1.678 Thread 0x0000000003190800 Uncommon trap: trap_request=0xffffffde fr.pc=0x00000000034c52b0
Event: 1.678 Thread 0x0000000003190800 DEOPT PACKING pc=0x00000000034c52b0 sp=0x000000000318e7c0
Event: 1.678 Thread 0x0000000003190800 DEOPT UNPACKING pc=0x00000000032d582a sp=0x000000000318e760 mode 2
Event: 1.701 Executing VM operation: ParallelGCFailedAllocation
Event: 1.967 Executing VM operation: ParallelGCFailedAllocation done
Event: 2.135 loading class com/android/dx/cf/attrib/AttRuntimeVisibleAnnotations
Event: 2.135 loading class com/android/dx/cf/attrib/AttRuntimeVisibleAnnotations done
Event: 2.147 loading class com/android/dx/cf/attrib/AttExceptions
Event: 2.147 loading class com/android/dx/cf/attrib/AttExceptions done


Dynamic libraries:
0x00007ff64d990000 - 0x00007ff64d9c7000 	C:\Program Files\Java\jdk1.8.0_91\bin\java.exe
0x00007ffb00ff0000 - 0x00007ffb011c1000 	C:\WINDOWS\SYSTEM32\ntdll.dll
0x00007ffafe770000 - 0x00007ffafe81b000 	C:\WINDOWS\System32\KERNEL32.DLL
0x00007ffafdab0000 - 0x00007ffafdccd000 	C:\WINDOWS\System32\KERNELBASE.dll
0x00007ffb00aa0000 - 0x00007ffb00b42000 	C:\WINDOWS\System32\ADVAPI32.dll
0x00007ffb003b0000 - 0x00007ffb0044e000 	C:\WINDOWS\System32\msvcrt.dll
0x00007ffb00d60000 - 0x00007ffb00db9000 	C:\WINDOWS\System32\sechost.dll
0x00007ffafea30000 - 0x00007ffafeb51000 	C:\WINDOWS\System32\RPCRT4.dll
0x00007ffafe600000 - 0x00007ffafe765000 	C:\WINDOWS\System32\USER32.dll
0x00007ffafd730000 - 0x00007ffafd74e000 	C:\WINDOWS\System32\win32u.dll
0x00007ffafe980000 - 0x00007ffafe9b4000 	C:\WINDOWS\System32\GDI32.dll
0x00007ffafd750000 - 0x00007ffafd8d2000 	C:\WINDOWS\System32\gdi32full.dll
0x00007ffaf33c0000 - 0x00007ffaf3639000 	C:\WINDOWS\WinSxS\amd64_microsoft.windows.common-controls_6595b64144ccf1df_6.0.14393.447_none_42191651c6827bb3\COMCTL32.dll
0x00007ffb000e0000 - 0x00007ffb003a8000 	C:\WINDOWS\System32\combase.dll
0x00007ffafdd80000 - 0x00007ffafde75000 	C:\WINDOWS\System32\ucrtbase.dll
0x00007ffafd6c0000 - 0x00007ffafd72a000 	C:\WINDOWS\System32\bcryptPrimitives.dll
0x00007ffb00f60000 - 0x00007ffb00f8e000 	C:\WINDOWS\System32\IMM32.DLL
0x00000000605a0000 - 0x0000000060672000 	C:\Program Files\Java\jdk1.8.0_91\jre\bin\msvcr100.dll
0x0000000060990000 - 0x0000000061223000 	C:\Program Files\Java\jdk1.8.0_91\jre\bin\server\jvm.dll
0x00007ffb00be0000 - 0x00007ffb00be8000 	C:\WINDOWS\System32\PSAPI.DLL
0x00007ffaf15d0000 - 0x00007ffaf15d9000 	C:\WINDOWS\SYSTEM32\WSOCK32.dll
0x00007ffb00070000 - 0x00007ffb000da000 	C:\WINDOWS\System32\WS2_32.dll
0x00007ffafb1c0000 - 0x00007ffafb1e3000 	C:\WINDOWS\SYSTEM32\WINMM.dll
0x00007ffafac30000 - 0x00007ffafac3a000 	C:\WINDOWS\SYSTEM32\VERSION.dll
0x00007ffafb070000 - 0x00007ffafb09b000 	C:\WINDOWS\SYSTEM32\WINMMBASE.dll
0x00007ffafd4c0000 - 0x00007ffafd502000 	C:\WINDOWS\System32\cfgmgr32.dll
0x0000000061f70000 - 0x0000000061f7f000 	C:\Program Files\Java\jdk1.8.0_91\jre\bin\verify.dll
0x0000000061f40000 - 0x0000000061f69000 	C:\Program Files\Java\jdk1.8.0_91\jre\bin\java.dll
0x0000000061f20000 - 0x0000000061f36000 	C:\Program Files\Java\jdk1.8.0_91\jre\bin\zip.dll
0x00007ffafeb60000 - 0x00007ffb00069000 	C:\WINDOWS\System32\SHELL32.dll
0x00007ffafde80000 - 0x00007ffafe55a000 	C:\WINDOWS\System32\windows.storage.dll
0x00007ffafd460000 - 0x00007ffafd4ac000 	C:\WINDOWS\System32\powrprof.dll
0x00007ffb00d00000 - 0x00007ffb00d52000 	C:\WINDOWS\System32\shlwapi.dll
0x00007ffafd4b0000 - 0x00007ffafd4bf000 	C:\WINDOWS\System32\kernel.appcore.dll
0x00007ffafdcd0000 - 0x00007ffafdd79000 	C:\WINDOWS\System32\shcore.dll
0x00007ffafd440000 - 0x00007ffafd454000 	C:\WINDOWS\System32\profapi.dll

VM Arguments:
jvm_args: -Djava.awt.headless=true -Xmx1024M -Dfile.encoding=windows-1252 -Duser.country=US -Duser.language=en -Duser.variant 
java_command: com.android.dx.command.Main --dex --force-jumbo --num-threads=4 --multi-dex --output C:\Users\Goyal\AndroidStudioProjects\BMUAPP\app\build\intermediates\transforms\dex\debug\folders\1000\10\com.android.support-support-media-compat-25.2.0_b0ab14ccf79cc6e7e279a065569a3bb3f582ec77 C:\Users\Goyal\AndroidStudioProjects\BMUAPP\app\build\intermediates\exploded-aar\com.android.support\support-media-compat\25.2.0\jars\classes.jar
java_class_path (initial): C:\Users\Goyal\Desktop\Android_studio\sdk\build-tools\24.0.0\lib\dx.jar
Launcher Type: SUN_STANDARD

Environment Variables:
PATH=C:\ProgramData\Oracle\Java\javapath;C:\Program Files\Common Files\Microsoft Shared\Windows Live;C:\Program Files (x86)\Common Files\Microsoft Shared\Windows Live;c:\Program Files (x86)\Intel\iCLS Client\;c:\Program Files\Intel\iCLS Client\;C:\WINDOWS\system32;C:\WINDOWS;C:\WINDOWS\System32\Wbem;C:\WINDOWS\System32\WindowsPowerShell\v1.0\;C:\Program Files\Intel\WiFi\bin\;C:\Program Files\Common Files\Intel\WirelessCommon\;C:\Program Files (x86)\Windows Live\Shared;C:\Program Files (x86)\Skype\Phone\;C:\Program Files\Java\jdk1.7.0_79\bin;%USERPROFILE%\AppData\Local\Microsoft\WindowsApps;
USERNAME=Goyal
OS=Windows_NT
PROCESSOR_IDENTIFIER=Intel64 Family 6 Model 58 Stepping 9, GenuineIntel



---------------  S Y S T E M  ---------------

OS: Windows 10.0 , 64 bit Build 14393 (10.0.14393.0)

CPU:total 4 (2 cores per cpu, 2 threads per core) family 6 model 58 stepping 9, cmov, cx8, fxsr, mmx, sse, sse2, sse3, ssse3, sse4.1, sse4.2, popcnt, avx, aes, clmul, erms, ht, tsc, tscinvbit, tscinv

Memory: 4k page, physical 6191464k(402604k free), swap 10444912k(3948k free)

vm_info: Java HotSpot(TM) 64-Bit Server VM (25.91-b15) for windows-amd64 JRE (1.8.0_91-b15), built on May 20 2016 17:43:15 by "java_re" with MS VC++ 10.0 (VS2010)

time: Fri May 12 15:00:44 2017
elapsed time: 2 seconds (0d 0h 0m 2s)

