#
# There is insufficient memory for the Java Runtime Environment to continue.
# Native memory allocation (malloc) failed to allocate 274256 bytes for Chunk::new
# Possible reasons:
#   The system is out of physical RAM or swap space
#   In 32 bit mode, the process size limit was hit
# Possible solutions:
#   Reduce memory load on the system
#   Increase physical memory or swap space
#   Check if swap backing store is full
#   Use 64 bit Java on a 64 bit OS
#   Decrease Java heap size (-Xmx/-Xms)
#   Decrease number of Java threads
#   Decrease Java thread stack sizes (-Xss)
#   Set larger code cache with -XX:ReservedCodeCacheSize=
# This output file may be truncated or incomplete.
#
#  Out of Memory Error (allocation.cpp:390), pid=13136, tid=10372
#
# JRE version: Java(TM) SE Runtime Environment (8.0_91-b15) (build 1.8.0_91-b15)
# Java VM: Java HotSpot(TM) 64-Bit Server VM (25.91-b15 mixed mode windows-amd64 compressed oops)
# Failed to write core dump. Minidumps are not enabled by default on client versions of Windows
#

---------------  T H R E A D  ---------------

Current thread (0x0000000014e00000):  JavaThread "C2 CompilerThread1" daemon [_thread_in_native, id=10372, stack(0x0000000016560000,0x0000000016660000)]

Stack: [0x0000000016560000,0x0000000016660000]
[error occurred during error reporting (printing stack bounds), id 0xc0000005]

Native frames: (J=compiled Java code, j=interpreted, Vv=VM code, C=native code)


Current CompileTask:
C2:   1101 1197   !   4       com.android.dx.cf.code.BytecodeArray::parseInstruction (2764 bytes)


---------------  P R O C E S S  ---------------

Java Threads: ( => current thread )
  0x00000000169d0000 JavaThread "pool-2-thread-4" [_thread_blocked, id=15656, stack(0x0000000017160000,0x0000000017260000)]
  0x00000000169cd800 JavaThread "pool-2-thread-3" [_thread_in_Java, id=7812, stack(0x0000000017060000,0x0000000017160000)]
  0x00000000169c6800 JavaThread "pool-2-thread-2" [_thread_in_Java, id=13896, stack(0x0000000016f60000,0x0000000017060000)]
  0x00000000168dd000 JavaThread "pool-3-thread-1" [_thread_blocked, id=9604, stack(0x0000000016e60000,0x0000000016f60000)]
  0x00000000168dc800 JavaThread "pool-2-thread-1" [_thread_blocked, id=8196, stack(0x0000000016d60000,0x0000000016e60000)]
  0x0000000014e5b000 JavaThread "Service Thread" daemon [_thread_blocked, id=12332, stack(0x0000000016b60000,0x0000000016c60000)]
  0x0000000016670800 JavaThread "C1 CompilerThread2" daemon [_thread_blocked, id=12132, stack(0x0000000016a60000,0x0000000016b60000)]
=>0x0000000014e00000 JavaThread "C2 CompilerThread1" daemon [_thread_in_native, id=10372, stack(0x0000000016560000,0x0000000016660000)]
  0x0000000014dfe000 JavaThread "C2 CompilerThread0" daemon [_thread_in_native, id=11076, stack(0x0000000016460000,0x0000000016560000)]
  0x0000000014dfc800 JavaThread "Attach Listener" daemon [_thread_blocked, id=14940, stack(0x0000000016360000,0x0000000016460000)]
  0x0000000014dfb000 JavaThread "Signal Dispatcher" daemon [_thread_blocked, id=15648, stack(0x0000000016260000,0x0000000016360000)]
  0x0000000014dea800 JavaThread "Finalizer" daemon [_thread_blocked, id=13472, stack(0x0000000016070000,0x0000000016170000)]
  0x0000000002721800 JavaThread "Reference Handler" daemon [_thread_blocked, id=11304, stack(0x0000000015f70000,0x0000000016070000)]
  0x0000000002630800 JavaThread "main" [_thread_in_Java, id=1444, stack(0x0000000002430000,0x0000000002530000)]

Other Threads:
  0x0000000014dc6800 VMThread [stack: 0x0000000015e70000,0x0000000015f70000] [id=13876]
  0x0000000016682000 WatcherThread [stack: 0x0000000016c60000,0x0000000016d60000] [id=12212]

VM state:not at safepoint (normal execution)

VM Mutex/Monitor currently owned by a thread: None

Heap:
 PSYoungGen      total 28672K, used 18259K [0x00000000eab00000, 0x00000000ecb00000, 0x0000000100000000)
  eden space 24576K, 57% used [0x00000000eab00000,0x00000000eb8d7940,0x00000000ec300000)
  from space 4096K, 99% used [0x00000000ec300000,0x00000000ec6fd410,0x00000000ec700000)
  to   space 4096K, 0% used [0x00000000ec700000,0x00000000ec700000,0x00000000ecb00000)
 ParOldGen       total 65536K, used 1465K [0x00000000c0000000, 0x00000000c4000000, 0x00000000eab00000)
  object space 65536K, 2% used [0x00000000c0000000,0x00000000c016e578,0x00000000c4000000)
 Metaspace       used 5985K, capacity 7024K, committed 7296K, reserved 1056768K
  class space    used 591K, capacity 616K, committed 640K, reserved 1048576K

Card table byte_map: [0x0000000011af0000,0x0000000011d00000] byte_map_base: 0x00000000114f0000

Marking Bits: (ParMarkBitMap*) 0x00000000611a2f70
 Begin Bits: [0x0000000012260000, 0x0000000013260000)
 End Bits:   [0x0000000013260000, 0x0000000014260000)

Polling page: 0x00000000023e0000

CodeCache: size=245760Kb used=5418Kb max_used=5418Kb free=240341Kb
 bounds [0x0000000002730000, 0x0000000002c80000, 0x0000000011730000]
 total_blobs=1591 nmethods=1325 adapters=179
 compilation: enabled

Compilation events (10 events):
Event: 1.095 Thread 0x0000000016670800 nmethod 1330 0x0000000002c7a050 code [0x0000000002c7a200, 0x0000000002c7a898]
Event: 1.096 Thread 0x0000000016670800 1331  s    3       com.android.dx.dex.file.TypeIdsSection::intern (60 bytes)
Event: 1.097 Thread 0x0000000016670800 nmethod 1331 0x0000000002c7ab10 code [0x0000000002c7ad40, 0x0000000002c7ba08]
Event: 1.097 Thread 0x0000000016670800 1333       3       java.util.Collections::unmodifiableCollection (9 bytes)
Event: 1.097 Thread 0x0000000016670800 nmethod 1333 0x0000000002c7c090 code [0x0000000002c7c220, 0x0000000002c7c568]
Event: 1.097 Thread 0x0000000016670800 1334       3       com.android.dx.rop.type.Type::internClassName (56 bytes)
Event: 1.098 Thread 0x0000000016670800 nmethod 1334 0x0000000002c7c6d0 code [0x0000000002c7c920, 0x0000000002c7d818]
Event: 1.098 Thread 0x0000000016670800 1332       3       com.android.dx.cf.direct.DirectClassFile::getThisClass (9 bytes)
Event: 1.099 Thread 0x0000000016670800 nmethod 1332 0x0000000002c7df10 code [0x0000000002c7e080, 0x0000000002c7e2c8]
Event: 1.099 Thread 0x0000000016670800 1335       3       java.util.concurrent.ThreadPoolExecutor::isRunning (10 bytes)

GC Heap History (2 events):
Event: 0.861 GC heap before
{Heap before GC invocations=1 (full 0):
 PSYoungGen      total 28672K, used 24576K [0x00000000eab00000, 0x00000000ecb00000, 0x0000000100000000)
  eden space 24576K, 100% used [0x00000000eab00000,0x00000000ec300000,0x00000000ec300000)
  from space 4096K, 0% used [0x00000000ec700000,0x00000000ec700000,0x00000000ecb00000)
  to   space 4096K, 0% used [0x00000000ec300000,0x00000000ec300000,0x00000000ec700000)
 ParOldGen       total 65536K, used 0K [0x00000000c0000000, 0x00000000c4000000, 0x00000000eab00000)
  object space 65536K, 0% used [0x00000000c0000000,0x00000000c0000000,0x00000000c4000000)
 Metaspace       used 5843K, capacity 6896K, committed 7040K, reserved 1056768K
  class space    used 591K, capacity 616K, committed 640K, reserved 1048576K
Event: 0.870 GC heap after
Heap after GC invocations=1 (full 0):
 PSYoungGen      total 28672K, used 4085K [0x00000000eab00000, 0x00000000ecb00000, 0x0000000100000000)
  eden space 24576K, 0% used [0x00000000eab00000,0x00000000eab00000,0x00000000ec300000)
  from space 4096K, 99% used [0x00000000ec300000,0x00000000ec6fd410,0x00000000ec700000)
  to   space 4096K, 0% used [0x00000000ec700000,0x00000000ec700000,0x00000000ecb00000)
 ParOldGen       total 65536K, used 1465K [0x00000000c0000000, 0x00000000c4000000, 0x00000000eab00000)
  object space 65536K, 2% used [0x00000000c0000000,0x00000000c016e578,0x00000000c4000000)
 Metaspace       used 5843K, capacity 6896K, committed 7040K, reserved 1056768K
  class space    used 591K, capacity 616K, committed 640K, reserved 1048576K
}

Deoptimization events (10 events):
Event: 0.617 Thread 0x00000000169cd800 Uncommon trap: reason=unstable_if action=reinterpret pc=0x00000000029e97f4 method=com.android.dx.ssa.SsaMethod.getExitBlock()Lcom/android/dx/ssa/SsaBasicBlock; @ 4
Event: 0.804 Thread 0x00000000169c6800 Uncommon trap: reason=bimorphic action=maybe_recompile pc=0x0000000002988f94 method=java.util.HashMap.getNode(ILjava/lang/Object;)Ljava/util/HashMap$Node; @ 126
Event: 0.935 Thread 0x00000000168dc800 Uncommon trap: reason=unstable_if action=reinterpret pc=0x0000000002b442dc method=com.android.dx.rop.cst.Constant.compareTo(Lcom/android/dx/rop/cst/Constant;)I @ 12
Event: 1.003 Thread 0x0000000002630800 Uncommon trap: reason=unloaded action=reinterpret pc=0x0000000002b3c3c8 method=com.android.dx.cf.cst.ConstantPoolParser.parse0(ILjava/util/BitSet;)Lcom/android/dx/rop/cst/Constant; @ 198
Event: 1.024 Thread 0x00000000169cd800 Uncommon trap: reason=bimorphic action=maybe_recompile pc=0x0000000002988f94 method=java.util.HashMap.getNode(ILjava/lang/Object;)Ljava/util/HashMap$Node; @ 126
Event: 1.024 Thread 0x00000000169cd800 Uncommon trap: reason=bimorphic action=maybe_recompile pc=0x0000000002988f94 method=java.util.HashMap.getNode(ILjava/lang/Object;)Ljava/util/HashMap$Node; @ 126
Event: 1.024 Thread 0x00000000169cd800 Uncommon trap: reason=bimorphic action=maybe_recompile pc=0x0000000002988f94 method=java.util.HashMap.getNode(ILjava/lang/Object;)Ljava/util/HashMap$Node; @ 126
Event: 1.027 Thread 0x00000000169cd800 Uncommon trap: reason=unstable_if action=reinterpret pc=0x0000000002a45c6c method=com.android.dx.rop.code.RegisterSpecSet.put(Lcom/android/dx/rop/code/RegisterSpec;)V @ 77
Event: 1.028 Thread 0x00000000169cd800 Uncommon trap: reason=unstable_if action=reinterpret pc=0x0000000002a8b260 method=com.android.dx.rop.code.RegisterSpecSet.put(Lcom/android/dx/rop/code/RegisterSpec;)V @ 77
Event: 1.075 Thread 0x00000000169d0000 Uncommon trap: reason=null_check action=make_not_entrant pc=0x00000000029f7118 method=com.android.dx.ssa.SsaRenamer.getLocalForNewReg(I)Lcom/android/dx/rop/code/LocalItem; @ 19

Internal exceptions (3 events):
Event: 0.035 Thread 0x0000000002630800 Exception <a 'java/lang/NoSuchMethodError': Method sun.misc.Unsafe.defineClass(Ljava/lang/String;[BII)Ljava/lang/Class; name or signature does not match> (0x00000000eab07cc0) thrown at [C:\re\workspace\8-2-build-windows-amd64-cygwin\jdk8u91\7017\hotspot\srüœõ½ë¡?
Event: 0.035 Thread 0x0000000002630800 Exception <a 'java/lang/NoSuchMethodError': Method sun.misc.Unsafe.prefetchRead(Ljava/lang/Object;J)V name or signature does not match> (0x00000000eab07fa8) thrown at [C:\re\workspace\8-2-build-windows-amd64-cygwin\jdk8u91\7017\hotspot\src\share\vm\prims\jL^pç3ñ?
Event: 1.075 Thread 0x00000000169d0000 Implicit null exception at 0x00000000029f59cf to 0x00000000029f70d1

Events (10 events):
Event: 1.024 Thread 0x00000000169cd800 DEOPT UNPACKING pc=0x000000000277582a sp=0x000000001715e9a0 mode 2
Event: 1.027 Thread 0x00000000169cd800 Uncommon trap: trap_request=0xffffff65 fr.pc=0x0000000002a45c6c
Event: 1.027 Thread 0x00000000169cd800 DEOPT PACKING pc=0x0000000002a45c6c sp=0x000000001715ea10
Event: 1.028 Thread 0x00000000169cd800 DEOPT UNPACKING pc=0x000000000277582a sp=0x000000001715e998 mode 2
Event: 1.028 Thread 0x00000000169cd800 Uncommon trap: trap_request=0xffffff65 fr.pc=0x0000000002a8b260
Event: 1.028 Thread 0x00000000169cd800 DEOPT PACKING pc=0x0000000002a8b260 sp=0x000000001715ea00
Event: 1.028 Thread 0x00000000169cd800 DEOPT UNPACKING pc=0x000000000277582a sp=0x000000001715e920 mode 2
Event: 1.075 Thread 0x00000000169d0000 Uncommon trap: trap_request=0xfffffff4 fr.pc=0x00000000029f7118
Event: 1.075 Thread 0x00000000169d0000 DEOPT PACKING pc=0x00000000029f7118 sp=0x000000001725e610
Event: 1.075 Thread 0x00000000169d0000 DEOPT UNPACKING pc=0x000000000277582a sp=0x000000001725e468 mode 2


Dynamic libraries:
0x00007ff64d990000 - 0x00007ff64d9c7000 	C:\Program Files\Java\jdk1.8.0_91\bin\java.exe
0x00007ffb00ff0000 - 0x00007ffb011c1000 	C:\WINDOWS\SYSTEM32\ntdll.dll
0x00007ffafe770000 - 0x00007ffafe81b000 	C:\WINDOWS\System32\KERNEL32.DLL
0x00007ffafdab0000 - 0x00007ffafdccd000 	C:\WINDOWS\System32\KERNELBASE.dll
0x00007ffb00aa0000 - 0x00007ffb00b42000 	C:\WINDOWS\System32\ADVAPI32.dll
0x00007ffb003b0000 - 0x00007ffb0044e000 	C:\WINDOWS\System32\msvcrt.dll
0x00007ffb00d60000 - 0x00007ffb00db9000 	C:\WINDOWS\System32\sechost.dll
0x00007ffafea30000 - 0x00007ffafeb51000 	C:\WINDOWS\System32\RPCRT4.dll
0x00007ffafe600000 - 0x00007ffafe765000 	C:\WINDOWS\System32\USER32.dll
0x00007ffafd730000 - 0x00007ffafd74e000 	C:\WINDOWS\System32\win32u.dll
0x00007ffafe980000 - 0x00007ffafe9b4000 	C:\WINDOWS\System32\GDI32.dll
0x00007ffafd750000 - 0x00007ffafd8d2000 	C:\WINDOWS\System32\gdi32full.dll
0x00007ffaf33c0000 - 0x00007ffaf3639000 	C:\WINDOWS\WinSxS\amd64_microsoft.windows.common-controls_6595b64144ccf1df_6.0.14393.447_none_42191651c6827bb3\COMCTL32.dll
0x00007ffb000e0000 - 0x00007ffb003a8000 	C:\WINDOWS\System32\combase.dll
0x00007ffafdd80000 - 0x00007ffafde75000 	C:\WINDOWS\System32\ucrtbase.dll
0x00007ffafd6c0000 - 0x00007ffafd72a000 	C:\WINDOWS\System32\bcryptPrimitives.dll
0x00007ffb00f60000 - 0x00007ffb00f8e000 	C:\WINDOWS\System32\IMM32.DLL
0x00000000605a0000 - 0x0000000060672000 	C:\Program Files\Java\jdk1.8.0_91\jre\bin\msvcr100.dll
0x0000000060990000 - 0x0000000061223000 	C:\Program Files\Java\jdk1.8.0_91\jre\bin\server\jvm.dll
0x00007ffb00be0000 - 0x00007ffb00be8000 	C:\WINDOWS\System32\PSAPI.DLL
0x00007ffafac30000 - 0x00007ffafac3a000 	C:\WINDOWS\SYSTEM32\VERSION.dll
0x00007ffafb1c0000 - 0x00007ffafb1e3000 	C:\WINDOWS\SYSTEM32\WINMM.dll
0x00007ffaf15d0000 - 0x00007ffaf15d9000 	C:\WINDOWS\SYSTEM32\WSOCK32.dll
0x00007ffb00070000 - 0x00007ffb000da000 	C:\WINDOWS\System32\WS2_32.dll
0x00007ffafb070000 - 0x00007ffafb09b000 	C:\WINDOWS\SYSTEM32\WINMMBASE.dll
0x00007ffafd4c0000 - 0x00007ffafd502000 	C:\WINDOWS\System32\cfgmgr32.dll
0x0000000061f70000 - 0x0000000061f7f000 	C:\Program Files\Java\jdk1.8.0_91\jre\bin\verify.dll
0x0000000061f40000 - 0x0000000061f69000 	C:\Program Files\Java\jdk1.8.0_91\jre\bin\java.dll
0x0000000061f20000 - 0x0000000061f36000 	C:\Program Files\Java\jdk1.8.0_91\jre\bin\zip.dll
0x00007ffafeb60000 - 0x00007ffb00069000 	C:\WINDOWS\System32\SHELL32.dll
0x00007ffafde80000 - 0x00007ffafe55a000 	C:\WINDOWS\System32\windows.storage.dll
0x00007ffafd460000 - 0x00007ffafd4ac000 	C:\WINDOWS\System32\powrprof.dll
0x00007ffb00d00000 - 0x00007ffb00d52000 	C:\WINDOWS\System32\shlwapi.dll
0x00007ffafd4b0000 - 0x00007ffafd4bf000 	C:\WINDOWS\System32\kernel.appcore.dll
0x00007ffafdcd0000 - 0x00007ffafdd79000 	C:\WINDOWS\System32\shcore.dll
0x00007ffafd440000 - 0x00007ffafd454000 	C:\WINDOWS\System32\profapi.dll

VM Arguments:
jvm_args: -Djava.awt.headless=true -Xmx1024M -Dfile.encoding=windows-1252 -Duser.country=US -Duser.language=en -Duser.variant 
java_command: com.android.dx.command.Main --dex --force-jumbo --num-threads=4 --multi-dex --output C:\Users\Goyal\AndroidStudioProjects\BMUAPP\app\build\intermediates\transforms\dex\debug\folders\1000\10\com.android.support-support-core-ui-25.2.0_73ffb8b1bdb9a71c875897b603245ff80059073c C:\Users\Goyal\AndroidStudioProjects\BMUAPP\app\build\intermediates\exploded-aar\com.android.support\support-core-ui\25.2.0\jars\classes.jar
java_class_path (initial): C:\Users\Goyal\Desktop\Android_studio\sdk\build-tools\24.0.0\lib\dx.jar
Launcher Type: SUN_STANDARD

Environment Variables:
PATH=C:\ProgramData\Oracle\Java\javapath;C:\Program Files\Common Files\Microsoft Shared\Windows Live;C:\Program Files (x86)\Common Files\Microsoft Shared\Windows Live;c:\Program Files (x86)\Intel\iCLS Client\;c:\Program Files\Intel\iCLS Client\;C:\WINDOWS\system32;C:\WINDOWS;C:\WINDOWS\System32\Wbem;C:\WINDOWS\System32\WindowsPowerShell\v1.0\;C:\Program Files\Intel\WiFi\bin\;C:\Program Files\Common Files\Intel\WirelessCommon\;C:\Program Files (x86)\Windows Live\Shared;C:\Program Files (x86)\Skype\Phone\;C:\Program Files\Java\jdk1.7.0_79\bin;%USERPROFILE%\AppData\Local\Microsoft\WindowsApps;
USERNAME=Goyal
OS=Windows_NT
PROCESSOR_IDENTIFIER=Intel64 Family 6 Model 58 Stepping 9, GenuineIntel



---------------  S Y S T E M  ---------------

OS: Windows 10.0 , 64 bit Build 14393 (10.0.14393.0)

CPU:total 4 (2 cores per cpu, 2 threads per core) family 6 model 58 stepping 9, cmov, cx8, fxsr, mmx, sse, sse2, sse3, ssse3, sse4.1, sse4.2, popcnt, avx, aes, clmul, erms, ht, tsc, tscinvbit, tscinv

Memory: 4k page, physical 6191464k(789768k free), swap 11096692k(4192k free)

vm_info: Java HotSpot(TM) 64-Bit Server VM (25.91-b15) for windows-amd64 JRE (1.8.0_91-b15), built on May 20 2016 17:43:15 by "java_re" with MS VC++ 10.0 (VS2010)

time: Fri May 12 19:05:28 2017
elapsed time: 1 seconds (0d 0h 0m 1s)

