#
# There is insufficient memory for the Java Runtime Environment to continue.
# Native memory allocation (malloc) failed to allocate 48656 bytes for Chunk::new
# Possible reasons:
#   The system is out of physical RAM or swap space
#   In 32 bit mode, the process size limit was hit
# Possible solutions:
#   Reduce memory load on the system
#   Increase physical memory or swap space
#   Check if swap backing store is full
#   Use 64 bit Java on a 64 bit OS
#   Decrease Java heap size (-Xmx/-Xms)
#   Decrease number of Java threads
#   Decrease Java thread stack sizes (-Xss)
#   Set larger code cache with -XX:ReservedCodeCacheSize=
# This output file may be truncated or incomplete.
#
#  Out of Memory Error (allocation.cpp:390), pid=9676, tid=11436
#
# JRE version: Java(TM) SE Runtime Environment (8.0_91-b15) (build 1.8.0_91-b15)
# Java VM: Java HotSpot(TM) 64-Bit Server VM (25.91-b15 mixed mode windows-amd64 compressed oops)
# Failed to write core dump. Minidumps are not enabled by default on client versions of Windows
#

---------------  T H R E A D  ---------------

Current thread (0x0000000015843000):  JavaThread "C2 CompilerThread1" daemon [_thread_in_native, id=11436, stack(0x0000000017080000,0x0000000017180000)]

Stack: [0x0000000017080000,0x0000000017180000]
[error occurred during error reporting (printing stack bounds), id 0xc0000005]

Native frames: (J=compiled Java code, j=interpreted, Vv=VM code, C=native code)


Current CompileTask:
C2:   2325  398       4       sun.misc.MetaIndex::mayContain (51 bytes)


---------------  P R O C E S S  ---------------

Java Threads: ( => current thread )
  0x000000001750b800 JavaThread "pool-2-thread-4" [_thread_blocked, id=10800, stack(0x0000000017c80000,0x0000000017d80000)]
  0x0000000017506800 JavaThread "pool-2-thread-3" [_thread_blocked, id=9312, stack(0x0000000017b80000,0x0000000017c80000)]
  0x0000000017505800 JavaThread "pool-2-thread-2" [_thread_blocked, id=14468, stack(0x0000000017a80000,0x0000000017b80000)]
  0x0000000017404000 JavaThread "pool-3-thread-1" [_thread_blocked, id=10616, stack(0x0000000017980000,0x0000000017a80000)]
  0x00000000173fb800 JavaThread "pool-2-thread-1" [_thread_in_Java, id=16012, stack(0x0000000017880000,0x0000000017980000)]
  0x000000001589e000 JavaThread "Service Thread" daemon [_thread_blocked, id=4200, stack(0x0000000017680000,0x0000000017780000)]
  0x0000000015899000 JavaThread "C1 CompilerThread2" daemon [_thread_blocked, id=2804, stack(0x0000000017180000,0x0000000017280000)]
=>0x0000000015843000 JavaThread "C2 CompilerThread1" daemon [_thread_in_native, id=11436, stack(0x0000000017080000,0x0000000017180000)]
  0x0000000015841000 JavaThread "C2 CompilerThread0" daemon [_thread_blocked, id=13512, stack(0x0000000016f80000,0x0000000017080000)]
  0x000000001583e800 JavaThread "Attach Listener" daemon [_thread_blocked, id=3364, stack(0x0000000016e80000,0x0000000016f80000)]
  0x000000001583b800 JavaThread "Signal Dispatcher" daemon [_thread_blocked, id=10732, stack(0x0000000016d80000,0x0000000016e80000)]
  0x000000000316a000 JavaThread "Finalizer" daemon [_thread_blocked, id=848, stack(0x0000000016a90000,0x0000000016b90000)]
  0x000000000315f800 JavaThread "Reference Handler" daemon [_thread_blocked, id=12124, stack(0x0000000016990000,0x0000000016a90000)]
  0x0000000003070800 JavaThread "main" [_thread_blocked, id=9524, stack(0x0000000002f70000,0x0000000003070000)]

Other Threads:
  0x0000000015808000 VMThread [stack: 0x0000000016890000,0x0000000016990000] [id=7324]
  0x00000000172a3800 WatcherThread [stack: 0x0000000017780000,0x0000000017880000] [id=13672]

VM state:not at safepoint (normal execution)

VM Mutex/Monitor currently owned by a thread: None

Heap:
 PSYoungGen      total 28672K, used 10340K [0x00000000eab00000, 0x00000000ecb00000, 0x0000000100000000)
  eden space 24576K, 42% used [0x00000000eab00000,0x00000000eb5192c0,0x00000000ec300000)
  from space 4096K, 0% used [0x00000000ec700000,0x00000000ec700000,0x00000000ecb00000)
  to   space 4096K, 0% used [0x00000000ec300000,0x00000000ec300000,0x00000000ec700000)
 ParOldGen       total 65536K, used 0K [0x00000000c0000000, 0x00000000c4000000, 0x00000000eab00000)
  object space 65536K, 0% used [0x00000000c0000000,0x00000000c0000000,0x00000000c4000000)
 Metaspace       used 5183K, capacity 6224K, committed 6528K, reserved 1056768K
  class space    used 570K, capacity 584K, committed 640K, reserved 1048576K

Card table byte_map: [0x0000000012530000,0x0000000012740000] byte_map_base: 0x0000000011f30000

Marking Bits: (ParMarkBitMap*) 0x00000000611a2f70
 Begin Bits: [0x0000000012ca0000, 0x0000000013ca0000)
 End Bits:   [0x0000000013ca0000, 0x0000000014ca0000)

Polling page: 0x0000000002ee0000

CodeCache: size=245760Kb used=1980Kb max_used=1980Kb free=243779Kb
 bounds [0x0000000003170000, 0x00000000033e0000, 0x0000000012170000]
 total_blobs=693 nmethods=425 adapters=181
 compilation: enabled

Compilation events (10 events):
Event: 2.217 Thread 0x0000000015899000 nmethod 393 0x0000000003351dd0 code [0x0000000003351f20, 0x0000000003352030]
Event: 2.217 Thread 0x0000000015899000  394       3       java.util.Collections$UnmodifiableCollection$1::hasNext (10 bytes)
Event: 2.217 Thread 0x0000000015899000 nmethod 394 0x0000000003352090 code [0x0000000003352200, 0x0000000003352428]
Event: 2.219 Thread 0x0000000015899000  395       3       java.lang.Package::isSealed (13 bytes)
Event: 2.219 Thread 0x0000000015899000 nmethod 395 0x00000000033524d0 code [0x0000000003352620, 0x00000000033527d0]
Event: 2.219 Thread 0x0000000015899000  396       3       java.net.URLClassLoader::isSealed (72 bytes)
Event: 2.220 Thread 0x0000000015899000 nmethod 396 0x0000000003352850 code [0x0000000003352a80, 0x0000000003353678]
Event: 2.220 Thread 0x0000000015899000  397       3       java.lang.ClassLoader::compareCerts (149 bytes)
Event: 2.221 Thread 0x0000000015899000 nmethod 397 0x0000000003353b90 code [0x0000000003353d60, 0x0000000003354618]
Event: 2.226 Thread 0x0000000015843000  398       4       sun.misc.MetaIndex::mayContain (51 bytes)

GC Heap History (0 events):
No events

Deoptimization events (0 events):
No events

Internal exceptions (2 events):
Event: 0.065 Thread 0x0000000003070800 Exception <a 'java/lang/NoSuchMethodError': Method sun.misc.Unsafe.defineClass(Ljava/lang/String;[BII)Ljava/lang/Class; name or signature does not match> (0x00000000eab07cc0) thrown at [C:\re\workspace\8-2-build-windows-amd64-cygwin\jdk8u91\7017\hotspot\srG»„à£∞?
Event: 0.065 Thread 0x0000000003070800 Exception <a 'java/lang/NoSuchMethodError': Method sun.misc.Unsafe.prefetchRead(Ljava/lang/Object;J)V name or signature does not match> (0x00000000eab07fa8) thrown at [C:\re\workspace\8-2-build-windows-amd64-cygwin\jdk8u91\7017\hotspot\src\share\vm\prims\j

Events (10 events):
Event: 2.222 loading class com/android/dx/ssa/back/IdenticalBlockCombiner
Event: 2.222 loading class com/android/dx/ssa/back/IdenticalBlockCombiner done
Event: 2.223 loading class com/android/dx/rop/code/LocalVariableExtractor
Event: 2.223 loading class com/android/dx/rop/code/LocalVariableExtractor done
Event: 2.224 loading class com/android/dx/rop/code/LocalVariableInfo
Event: 2.224 loading class com/android/dx/rop/code/LocalVariableInfo done
Event: 2.225 loading class com/android/dx/dex/code/RopTranslator
Event: 2.225 loading class com/android/dx/dex/code/RopTranslator done
Event: 2.226 loading class com/android/dx/dex/code/RopTranslator$TranslationVisitor
Event: 2.226 loading class com/android/dx/dex/code/RopTranslator$TranslationVisitor done


Dynamic libraries:
0x00007ff64d990000 - 0x00007ff64d9c7000 	C:\Program Files\Java\jdk1.8.0_91\bin\java.exe
0x00007ffb00ff0000 - 0x00007ffb011c1000 	C:\WINDOWS\SYSTEM32\ntdll.dll
0x00007ffafe770000 - 0x00007ffafe81b000 	C:\WINDOWS\System32\KERNEL32.DLL
0x00007ffafdab0000 - 0x00007ffafdccd000 	C:\WINDOWS\System32\KERNELBASE.dll
0x00007ffb00aa0000 - 0x00007ffb00b42000 	C:\WINDOWS\System32\ADVAPI32.dll
0x00007ffb003b0000 - 0x00007ffb0044e000 	C:\WINDOWS\System32\msvcrt.dll
0x00007ffb00d60000 - 0x00007ffb00db9000 	C:\WINDOWS\System32\sechost.dll
0x00007ffafea30000 - 0x00007ffafeb51000 	C:\WINDOWS\System32\RPCRT4.dll
0x00007ffafe600000 - 0x00007ffafe765000 	C:\WINDOWS\System32\USER32.dll
0x00007ffafd730000 - 0x00007ffafd74e000 	C:\WINDOWS\System32\win32u.dll
0x00007ffafe980000 - 0x00007ffafe9b4000 	C:\WINDOWS\System32\GDI32.dll
0x00007ffafd750000 - 0x00007ffafd8d2000 	C:\WINDOWS\System32\gdi32full.dll
0x00007ffaf33c0000 - 0x00007ffaf3639000 	C:\WINDOWS\WinSxS\amd64_microsoft.windows.common-controls_6595b64144ccf1df_6.0.14393.447_none_42191651c6827bb3\COMCTL32.dll
0x00007ffb000e0000 - 0x00007ffb003a8000 	C:\WINDOWS\System32\combase.dll
0x00007ffafdd80000 - 0x00007ffafde75000 	C:\WINDOWS\System32\ucrtbase.dll
0x00007ffafd6c0000 - 0x00007ffafd72a000 	C:\WINDOWS\System32\bcryptPrimitives.dll
0x00007ffb00f60000 - 0x00007ffb00f8e000 	C:\WINDOWS\System32\IMM32.DLL
0x00000000605a0000 - 0x0000000060672000 	C:\Program Files\Java\jdk1.8.0_91\jre\bin\msvcr100.dll
0x0000000060990000 - 0x0000000061223000 	C:\Program Files\Java\jdk1.8.0_91\jre\bin\server\jvm.dll
0x00007ffb00be0000 - 0x00007ffb00be8000 	C:\WINDOWS\System32\PSAPI.DLL
0x00007ffaf15d0000 - 0x00007ffaf15d9000 	C:\WINDOWS\SYSTEM32\WSOCK32.dll
0x00007ffb00070000 - 0x00007ffb000da000 	C:\WINDOWS\System32\WS2_32.dll
0x00007ffafb1c0000 - 0x00007ffafb1e3000 	C:\WINDOWS\SYSTEM32\WINMM.dll
0x00007ffafac30000 - 0x00007ffafac3a000 	C:\WINDOWS\SYSTEM32\VERSION.dll
0x0000000002eb0000 - 0x0000000002edb000 	C:\WINDOWS\SYSTEM32\WINMMBASE.dll
0x00007ffafd4c0000 - 0x00007ffafd502000 	C:\WINDOWS\System32\cfgmgr32.dll
0x0000000061f70000 - 0x0000000061f7f000 	C:\Program Files\Java\jdk1.8.0_91\jre\bin\verify.dll
0x0000000061f40000 - 0x0000000061f69000 	C:\Program Files\Java\jdk1.8.0_91\jre\bin\java.dll
0x0000000061f20000 - 0x0000000061f36000 	C:\Program Files\Java\jdk1.8.0_91\jre\bin\zip.dll
0x00007ffafeb60000 - 0x00007ffb00069000 	C:\WINDOWS\System32\SHELL32.dll
0x00007ffafde80000 - 0x00007ffafe55a000 	C:\WINDOWS\System32\windows.storage.dll
0x00007ffafd460000 - 0x00007ffafd4ac000 	C:\WINDOWS\System32\powrprof.dll
0x00007ffb00d00000 - 0x00007ffb00d52000 	C:\WINDOWS\System32\shlwapi.dll
0x00007ffafd4b0000 - 0x00007ffafd4bf000 	C:\WINDOWS\System32\kernel.appcore.dll
0x00007ffafdcd0000 - 0x00007ffafdd79000 	C:\WINDOWS\System32\shcore.dll
0x00007ffafd440000 - 0x00007ffafd454000 	C:\WINDOWS\System32\profapi.dll

VM Arguments:
jvm_args: -Djava.awt.headless=true -Xmx1024M -Dfile.encoding=windows-1252 -Duser.country=US -Duser.language=en -Duser.variant 
java_command: com.android.dx.command.Main --dex --force-jumbo --num-threads=4 --multi-dex --output C:\Users\Goyal\AndroidStudioProjects\BMUAPP\app\build\intermediates\transforms\dex\debug\folders\1000\10\com.github.bluejamesbond-textjustify-android-2.1.6_ac34355b1e96cb9a79bb047b2956f04a5a9c0369 C:\Users\Goyal\AndroidStudioProjects\BMUAPP\app\build\intermediates\exploded-aar\com.github.bluejamesbond\textjustify-android\2.1.6\jars\classes.jar
java_class_path (initial): C:\Users\Goyal\Desktop\Android_studio\sdk\build-tools\24.0.0\lib\dx.jar
Launcher Type: SUN_STANDARD

Environment Variables:
PATH=C:\ProgramData\Oracle\Java\javapath;C:\Program Files\Common Files\Microsoft Shared\Windows Live;C:\Program Files (x86)\Common Files\Microsoft Shared\Windows Live;c:\Program Files (x86)\Intel\iCLS Client\;c:\Program Files\Intel\iCLS Client\;C:\WINDOWS\system32;C:\WINDOWS;C:\WINDOWS\System32\Wbem;C:\WINDOWS\System32\WindowsPowerShell\v1.0\;C:\Program Files\Intel\WiFi\bin\;C:\Program Files\Common Files\Intel\WirelessCommon\;C:\Program Files (x86)\Windows Live\Shared;C:\Program Files (x86)\Skype\Phone\;C:\Program Files\Java\jdk1.7.0_79\bin;%USERPROFILE%\AppData\Local\Microsoft\WindowsApps;
USERNAME=Goyal
OS=Windows_NT
PROCESSOR_IDENTIFIER=Intel64 Family 6 Model 58 Stepping 9, GenuineIntel



---------------  S Y S T E M  ---------------

OS: Windows 10.0 , 64 bit Build 14393 (10.0.14393.0)

CPU:total 4 (2 cores per cpu, 2 threads per core) family 6 model 58 stepping 9, cmov, cx8, fxsr, mmx, sse, sse2, sse3, ssse3, sse4.1, sse4.2, popcnt, avx, aes, clmul, erms, ht, tsc, tscinvbit, tscinv

Memory: 4k page, physical 6191464k(402604k free), swap 10444912k(3948k free)

vm_info: Java HotSpot(TM) 64-Bit Server VM (25.91-b15) for windows-amd64 JRE (1.8.0_91-b15), built on May 20 2016 17:43:15 by "java_re" with MS VC++ 10.0 (VS2010)

time: Fri May 12 15:00:44 2017
elapsed time: 2 seconds (0d 0h 0m 2s)

