#
# There is insufficient memory for the Java Runtime Environment to continue.
# Native memory allocation (malloc) failed to allocate 640016 bytes for Chunk::new
# Possible reasons:
#   The system is out of physical RAM or swap space
#   In 32 bit mode, the process size limit was hit
# Possible solutions:
#   Reduce memory load on the system
#   Increase physical memory or swap space
#   Check if swap backing store is full
#   Use 64 bit Java on a 64 bit OS
#   Decrease Java heap size (-Xmx/-Xms)
#   Decrease number of Java threads
#   Decrease Java thread stack sizes (-Xss)
#   Set larger code cache with -XX:ReservedCodeCacheSize=
# This output file may be truncated or incomplete.
#
#  Out of Memory Error (allocation.cpp:390), pid=8424, tid=14852
#
# JRE version: Java(TM) SE Runtime Environment (8.0_91-b15) (build 1.8.0_91-b15)
# Java VM: Java HotSpot(TM) 64-Bit Server VM (25.91-b15 mixed mode windows-amd64 compressed oops)
# Failed to write core dump. Minidumps are not enabled by default on client versions of Windows
#

---------------  T H R E A D  ---------------

Current thread (0x00000000152c1000):  JavaThread "C2 CompilerThread1" daemon [_thread_in_native, id=14852, stack(0x0000000016a10000,0x0000000016b10000)]

Stack: [0x0000000016a10000,0x0000000016b10000]
[error occurred during error reporting (printing stack bounds), id 0xc0000005]

Native frames: (J=compiled Java code, j=interpreted, Vv=VM code, C=native code)


Current CompileTask:
C2:   2596 1360       4       com.android.dx.cf.code.ValueAwareMachine::run (1142 bytes)


---------------  P R O C E S S  ---------------

Java Threads: ( => current thread )
  0x0000000016d5c000 JavaThread "pool-2-thread-4" [_thread_in_vm, id=16300, stack(0x0000000017610000,0x0000000017710000)]
  0x0000000016d5b800 JavaThread "pool-2-thread-3" [_thread_in_Java, id=14316, stack(0x0000000017510000,0x0000000017610000)]
  0x0000000016d56800 JavaThread "pool-2-thread-2" [_thread_in_Java, id=11644, stack(0x0000000017410000,0x0000000017510000)]
  0x0000000016cd5800 JavaThread "pool-3-thread-1" [_thread_blocked, id=972, stack(0x0000000017310000,0x0000000017410000)]
  0x0000000016cd4800 JavaThread "pool-2-thread-1" [_thread_blocked, id=13448, stack(0x0000000017210000,0x0000000017310000)]
  0x0000000016b2e000 JavaThread "Service Thread" daemon [_thread_blocked, id=15492, stack(0x0000000017010000,0x0000000017110000)]
  0x0000000016b10800 JavaThread "C1 CompilerThread2" daemon [_thread_blocked, id=11332, stack(0x0000000016f10000,0x0000000017010000)]
=>0x00000000152c1000 JavaThread "C2 CompilerThread1" daemon [_thread_in_native, id=14852, stack(0x0000000016a10000,0x0000000016b10000)]
  0x00000000152be800 JavaThread "C2 CompilerThread0" daemon [_thread_in_native, id=8968, stack(0x0000000016910000,0x0000000016a10000)]
  0x00000000152bb800 JavaThread "Attach Listener" daemon [_thread_blocked, id=12864, stack(0x0000000016810000,0x0000000016910000)]
  0x00000000152ba000 JavaThread "Signal Dispatcher" daemon [_thread_blocked, id=13016, stack(0x0000000016710000,0x0000000016810000)]
  0x00000000152aa800 JavaThread "Finalizer" daemon [_thread_blocked, id=3336, stack(0x0000000016520000,0x0000000016620000)]
  0x0000000015289000 JavaThread "Reference Handler" daemon [_thread_blocked, id=10784, stack(0x0000000016420000,0x0000000016520000)]
  0x0000000002af0800 JavaThread "main" [_thread_in_Java, id=2308, stack(0x00000000029f0000,0x0000000002af0000)]

Other Threads:
  0x0000000015287800 VMThread [stack: 0x0000000016320000,0x0000000016420000] [id=13976]
  0x0000000016b32000 WatcherThread [stack: 0x0000000017110000,0x0000000017210000] [id=7432]

VM state:not at safepoint (normal execution)

VM Mutex/Monitor currently owned by a thread: None

Heap:
 PSYoungGen      total 28672K, used 21413K [0x00000000eab00000, 0x00000000ecb00000, 0x0000000100000000)
  eden space 24576K, 70% used [0x00000000eab00000,0x00000000ebbedb98,0x00000000ec300000)
  from space 4096K, 99% used [0x00000000ec300000,0x00000000ec6fbb80,0x00000000ec700000)
  to   space 4096K, 0% used [0x00000000ec700000,0x00000000ec700000,0x00000000ecb00000)
 ParOldGen       total 65536K, used 1551K [0x00000000c0000000, 0x00000000c4000000, 0x00000000eab00000)
  object space 65536K, 2% used [0x00000000c0000000,0x00000000c0183e10,0x00000000c4000000)
 Metaspace       used 5965K, capacity 7024K, committed 7296K, reserved 1056768K
  class space    used 590K, capacity 616K, committed 640K, reserved 1048576K

Card table byte_map: [0x0000000011fb0000,0x00000000121c0000] byte_map_base: 0x00000000119b0000

Marking Bits: (ParMarkBitMap*) 0x00000000611a2f70
 Begin Bits: [0x0000000012720000, 0x0000000013720000)
 End Bits:   [0x0000000013720000, 0x0000000014720000)

Polling page: 0x00000000009f0000

CodeCache: size=245760Kb used=5668Kb max_used=5678Kb free=240091Kb
 bounds [0x0000000002bf0000, 0x0000000003190000, 0x0000000011bf0000]
 total_blobs=1626 nmethods=1363 adapters=176
 compilation: enabled

Compilation events (10 events):
Event: 2.581 Thread 0x0000000016b10800 nmethod 1373 0x0000000003160f10 code [0x00000000031610c0, 0x0000000003161678]
Event: 2.581 Thread 0x0000000016b10800 1374       3       com.android.dx.rop.code.Rops::pickIf (154 bytes)
Event: 2.583 Thread 0x0000000016b10800 nmethod 1374 0x0000000003166990 code [0x0000000003166c20, 0x0000000003167d98]
Event: 2.586 Thread 0x0000000016b10800 1375       3       com.android.dx.ssa.SCCP::simulateStmt (481 bytes)
Event: 2.588 Thread 0x0000000016b10800 nmethod 1375 0x000000000317ac90 code [0x000000000317afc0, 0x000000000317cf78]
Event: 2.590 Thread 0x0000000016b10800 1376       3       com.android.dx.rop.code.AccessFlags::isSynchronized (13 bytes)
Event: 2.590 Thread 0x0000000016b10800 nmethod 1376 0x0000000003160b90 code [0x0000000003160ce0, 0x0000000003160e70]
Event: 2.590 Thread 0x0000000016b10800 1377       3       com.android.dx.dex.file.EncodedMethod::<init> (68 bytes)
Event: 2.591 Thread 0x0000000016b10800 nmethod 1377 0x0000000003160390 code [0x0000000003160520, 0x00000000031609d8]
Event: 2.592 Thread 0x0000000016b10800 1379       3       com.android.dx.dex.cf.AttributeTranslator::getMethodAnnotations (37 bytes)

GC Heap History (2 events):
Event: 1.801 GC heap before
{Heap before GC invocations=1 (full 0):
 PSYoungGen      total 28672K, used 24576K [0x00000000eab00000, 0x00000000ecb00000, 0x0000000100000000)
  eden space 24576K, 100% used [0x00000000eab00000,0x00000000ec300000,0x00000000ec300000)
  from space 4096K, 0% used [0x00000000ec700000,0x00000000ec700000,0x00000000ecb00000)
  to   space 4096K, 0% used [0x00000000ec300000,0x00000000ec300000,0x00000000ec700000)
 ParOldGen       total 65536K, used 0K [0x00000000c0000000, 0x00000000c4000000, 0x00000000eab00000)
  object space 65536K, 0% used [0x00000000c0000000,0x00000000c0000000,0x00000000c4000000)
 Metaspace       used 5796K, capacity 6896K, committed 7040K, reserved 1056768K
  class space    used 590K, capacity 616K, committed 640K, reserved 1048576K
Event: 1.932 GC heap after
Heap after GC invocations=1 (full 0):
 PSYoungGen      total 28672K, used 4078K [0x00000000eab00000, 0x00000000ecb00000, 0x0000000100000000)
  eden space 24576K, 0% used [0x00000000eab00000,0x00000000eab00000,0x00000000ec300000)
  from space 4096K, 99% used [0x00000000ec300000,0x00000000ec6fbb80,0x00000000ec700000)
  to   space 4096K, 0% used [0x00000000ec700000,0x00000000ec700000,0x00000000ecb00000)
 ParOldGen       total 65536K, used 1551K [0x00000000c0000000, 0x00000000c4000000, 0x00000000eab00000)
  object space 65536K, 2% used [0x00000000c0000000,0x00000000c0183e10,0x00000000c4000000)
 Metaspace       used 5796K, capacity 6896K, committed 7040K, reserved 1056768K
  class space    used 590K, capacity 616K, committed 640K, reserved 1048576K
}

Deoptimization events (10 events):
Event: 1.495 Thread 0x0000000016cd4800 Uncommon trap: reason=unstable_if action=reinterpret pc=0x0000000002e5a3f4 method=java.util.BitSet.ensureCapacity(I)V @ 6
Event: 1.513 Thread 0x0000000016cd4800 Uncommon trap: reason=unstable_if action=reinterpret pc=0x0000000002efb180 method=com.android.dx.rop.code.LocalItem.hashCode()I @ 25
Event: 1.585 Thread 0x0000000002af0800 Uncommon trap: reason=class_check action=maybe_recompile pc=0x0000000002e6dff0 method=com.android.dx.ssa.NormalSsaInsn.accept(Lcom/android/dx/ssa/SsaInsn$Visitor;)V @ 9
Event: 1.585 Thread 0x0000000002af0800 Uncommon trap: reason=class_check action=maybe_recompile pc=0x0000000002e6dff0 method=com.android.dx.ssa.NormalSsaInsn.accept(Lcom/android/dx/ssa/SsaInsn$Visitor;)V @ 9
Event: 1.585 Thread 0x0000000002af0800 Uncommon trap: reason=class_check action=maybe_recompile pc=0x0000000002e6dff0 method=com.android.dx.ssa.NormalSsaInsn.accept(Lcom/android/dx/ssa/SsaInsn$Visitor;)V @ 9
Event: 1.585 Thread 0x0000000002af0800 Uncommon trap: reason=class_check action=maybe_recompile pc=0x0000000002e6dff0 method=com.android.dx.ssa.NormalSsaInsn.accept(Lcom/android/dx/ssa/SsaInsn$Visitor;)V @ 9
Event: 2.342 Thread 0x0000000002af0800 Uncommon trap: reason=null_check action=make_not_entrant pc=0x00000000030377c4 method=com.android.dx.ssa.SsaRenamer.getLocalForNewReg(I)Lcom/android/dx/rop/code/LocalItem; @ 19
Event: 2.373 Thread 0x0000000002af0800 Uncommon trap: reason=unstable_if action=reinterpret pc=0x0000000002f4220c method=com.android.dx.rop.code.RegisterSpecSet.put(Lcom/android/dx/rop/code/RegisterSpec;)V @ 77
Event: 2.373 Thread 0x0000000002af0800 Uncommon trap: reason=unstable_if action=reinterpret pc=0x0000000002f66880 method=com.android.dx.rop.code.RegisterSpecSet.put(Lcom/android/dx/rop/code/RegisterSpec;)V @ 77
Event: 2.579 Thread 0x0000000016d5c000 Uncommon trap: reason=unstable_if action=reinterpret pc=0x00000000030dd4bc method=com.android.dx.ssa.SCCP.simulateStmt(Lcom/android/dx/ssa/SsaInsn;)V @ 59

Internal exceptions (3 events):
Event: 0.048 Thread 0x0000000002af0800 Exception <a 'java/lang/NoSuchMethodError': Method sun.misc.Unsafe.defineClass(Ljava/lang/String;[BII)Ljava/lang/Class; name or signature does not match> (0x00000000eab07cc0) thrown at [C:\re\workspace\8-2-build-windows-amd64-cygwin\jdk8u91\7017\hotspot\srãÄ×Þ·¨?
Event: 0.048 Thread 0x0000000002af0800 Exception <a 'java/lang/NoSuchMethodError': Method sun.misc.Unsafe.prefetchRead(Ljava/lang/Object;J)V name or signature does not match> (0x00000000eab07fa8) thrown at [C:\re\workspace\8-2-build-windows-amd64-cygwin\jdk8u91\7017\hotspot\src\share\vm\prims\jv{ï»@
Event: 2.342 Thread 0x0000000002af0800 Implicit null exception at 0x00000000030358db to 0x0000000003037779

Events (10 events):
Event: 2.342 Thread 0x0000000002af0800 DEOPT UNPACKING pc=0x0000000002c3582a sp=0x0000000002aee398 mode 2
Event: 2.373 Thread 0x0000000002af0800 Uncommon trap: trap_request=0xffffff65 fr.pc=0x0000000002f4220c
Event: 2.373 Thread 0x0000000002af0800 DEOPT PACKING pc=0x0000000002f4220c sp=0x0000000002aee680
Event: 2.373 Thread 0x0000000002af0800 DEOPT UNPACKING pc=0x0000000002c3582a sp=0x0000000002aee608 mode 2
Event: 2.373 Thread 0x0000000002af0800 Uncommon trap: trap_request=0xffffff65 fr.pc=0x0000000002f66880
Event: 2.373 Thread 0x0000000002af0800 DEOPT PACKING pc=0x0000000002f66880 sp=0x0000000002aee670
Event: 2.373 Thread 0x0000000002af0800 DEOPT UNPACKING pc=0x0000000002c3582a sp=0x0000000002aee590 mode 2
Event: 2.579 Thread 0x0000000016d5c000 Uncommon trap: trap_request=0xffffff65 fr.pc=0x00000000030dd4bc
Event: 2.579 Thread 0x0000000016d5c000 DEOPT PACKING pc=0x00000000030dd4bc sp=0x000000001770eb70
Event: 2.579 Thread 0x0000000016d5c000 DEOPT UNPACKING pc=0x0000000002c3582a sp=0x000000001770eb68 mode 2


Dynamic libraries:
0x00007ff64d990000 - 0x00007ff64d9c7000 	C:\Program Files\Java\jdk1.8.0_91\bin\java.exe
0x00007ffb00ff0000 - 0x00007ffb011c1000 	C:\WINDOWS\SYSTEM32\ntdll.dll
0x00007ffafe770000 - 0x00007ffafe81b000 	C:\WINDOWS\System32\KERNEL32.DLL
0x00007ffafdab0000 - 0x00007ffafdccd000 	C:\WINDOWS\System32\KERNELBASE.dll
0x00007ffb00aa0000 - 0x00007ffb00b42000 	C:\WINDOWS\System32\ADVAPI32.dll
0x00007ffb003b0000 - 0x00007ffb0044e000 	C:\WINDOWS\System32\msvcrt.dll
0x00007ffb00d60000 - 0x00007ffb00db9000 	C:\WINDOWS\System32\sechost.dll
0x00007ffafea30000 - 0x00007ffafeb51000 	C:\WINDOWS\System32\RPCRT4.dll
0x00007ffafe600000 - 0x00007ffafe765000 	C:\WINDOWS\System32\USER32.dll
0x00007ffafd730000 - 0x00007ffafd74e000 	C:\WINDOWS\System32\win32u.dll
0x00007ffafe980000 - 0x00007ffafe9b4000 	C:\WINDOWS\System32\GDI32.dll
0x00007ffafd750000 - 0x00007ffafd8d2000 	C:\WINDOWS\System32\gdi32full.dll
0x00007ffaf33c0000 - 0x00007ffaf3639000 	C:\WINDOWS\WinSxS\amd64_microsoft.windows.common-controls_6595b64144ccf1df_6.0.14393.447_none_42191651c6827bb3\COMCTL32.dll
0x00007ffb000e0000 - 0x00007ffb003a8000 	C:\WINDOWS\System32\combase.dll
0x00007ffafdd80000 - 0x00007ffafde75000 	C:\WINDOWS\System32\ucrtbase.dll
0x00007ffafd6c0000 - 0x00007ffafd72a000 	C:\WINDOWS\System32\bcryptPrimitives.dll
0x00007ffb00f60000 - 0x00007ffb00f8e000 	C:\WINDOWS\System32\IMM32.DLL
0x00000000605a0000 - 0x0000000060672000 	C:\Program Files\Java\jdk1.8.0_91\jre\bin\msvcr100.dll
0x0000000060990000 - 0x0000000061223000 	C:\Program Files\Java\jdk1.8.0_91\jre\bin\server\jvm.dll
0x00007ffb00be0000 - 0x00007ffb00be8000 	C:\WINDOWS\System32\PSAPI.DLL
0x00007ffaf15d0000 - 0x00007ffaf15d9000 	C:\WINDOWS\SYSTEM32\WSOCK32.dll
0x00007ffb00070000 - 0x00007ffb000da000 	C:\WINDOWS\System32\WS2_32.dll
0x00007ffafb1c0000 - 0x00007ffafb1e3000 	C:\WINDOWS\SYSTEM32\WINMM.dll
0x00007ffafac30000 - 0x00007ffafac3a000 	C:\WINDOWS\SYSTEM32\VERSION.dll
0x00007ffafb070000 - 0x00007ffafb09b000 	C:\WINDOWS\SYSTEM32\WINMMBASE.dll
0x00007ffafd4c0000 - 0x00007ffafd502000 	C:\WINDOWS\System32\cfgmgr32.dll
0x0000000061f70000 - 0x0000000061f7f000 	C:\Program Files\Java\jdk1.8.0_91\jre\bin\verify.dll
0x0000000061f40000 - 0x0000000061f69000 	C:\Program Files\Java\jdk1.8.0_91\jre\bin\java.dll
0x0000000061f20000 - 0x0000000061f36000 	C:\Program Files\Java\jdk1.8.0_91\jre\bin\zip.dll
0x00007ffafeb60000 - 0x00007ffb00069000 	C:\WINDOWS\System32\SHELL32.dll
0x00007ffafde80000 - 0x00007ffafe55a000 	C:\WINDOWS\System32\windows.storage.dll
0x00007ffafd460000 - 0x00007ffafd4ac000 	C:\WINDOWS\System32\powrprof.dll
0x00007ffb00d00000 - 0x00007ffb00d52000 	C:\WINDOWS\System32\shlwapi.dll
0x00007ffafd4b0000 - 0x00007ffafd4bf000 	C:\WINDOWS\System32\kernel.appcore.dll
0x00007ffafdcd0000 - 0x00007ffafdd79000 	C:\WINDOWS\System32\shcore.dll
0x00007ffafd440000 - 0x00007ffafd454000 	C:\WINDOWS\System32\profapi.dll

VM Arguments:
jvm_args: -Djava.awt.headless=true -Xmx1024M -Dfile.encoding=windows-1252 -Duser.country=US -Duser.language=en -Duser.variant 
java_command: com.android.dx.command.Main --dex --force-jumbo --num-threads=4 --multi-dex --output C:\Users\Goyal\AndroidStudioProjects\BMUAPP\app\build\intermediates\transforms\dex\debug\folders\1000\10\com.android.support-support-fragment-25.2.0_254ec4916388e516c0a6a11dea7c46ae88b6e62f C:\Users\Goyal\AndroidStudioProjects\BMUAPP\app\build\intermediates\exploded-aar\com.android.support\support-fragment\25.2.0\jars\classes.jar
java_class_path (initial): C:\Users\Goyal\Desktop\Android_studio\sdk\build-tools\24.0.0\lib\dx.jar
Launcher Type: SUN_STANDARD

Environment Variables:
PATH=C:\ProgramData\Oracle\Java\javapath;C:\Program Files\Common Files\Microsoft Shared\Windows Live;C:\Program Files (x86)\Common Files\Microsoft Shared\Windows Live;c:\Program Files (x86)\Intel\iCLS Client\;c:\Program Files\Intel\iCLS Client\;C:\WINDOWS\system32;C:\WINDOWS;C:\WINDOWS\System32\Wbem;C:\WINDOWS\System32\WindowsPowerShell\v1.0\;C:\Program Files\Intel\WiFi\bin\;C:\Program Files\Common Files\Intel\WirelessCommon\;C:\Program Files (x86)\Windows Live\Shared;C:\Program Files (x86)\Skype\Phone\;C:\Program Files\Java\jdk1.7.0_79\bin;%USERPROFILE%\AppData\Local\Microsoft\WindowsApps;
USERNAME=Goyal
OS=Windows_NT
PROCESSOR_IDENTIFIER=Intel64 Family 6 Model 58 Stepping 9, GenuineIntel



---------------  S Y S T E M  ---------------

OS: Windows 10.0 , 64 bit Build 14393 (10.0.14393.0)

CPU:total 4 (2 cores per cpu, 2 threads per core) family 6 model 58 stepping 9, cmov, cx8, fxsr, mmx, sse, sse2, sse3, ssse3, sse4.1, sse4.2, popcnt, avx, aes, clmul, erms, ht, tsc, tscinvbit, tscinv

Memory: 4k page, physical 6191464k(394960k free), swap 10444912k(5688k free)

vm_info: Java HotSpot(TM) 64-Bit Server VM (25.91-b15) for windows-amd64 JRE (1.8.0_91-b15), built on May 20 2016 17:43:15 by "java_re" with MS VC++ 10.0 (VS2010)

time: Fri May 12 15:00:48 2017
elapsed time: 2 seconds (0d 0h 0m 2s)

