#
# There is insufficient memory for the Java Runtime Environment to continue.
# Native memory allocation (malloc) failed to allocate 1048576 bytes for AllocateHeap
# Possible reasons:
#   The system is out of physical RAM or swap space
#   In 32 bit mode, the process size limit was hit
# Possible solutions:
#   Reduce memory load on the system
#   Increase physical memory or swap space
#   Check if swap backing store is full
#   Use 64 bit Java on a 64 bit OS
#   Decrease Java heap size (-Xmx/-Xms)
#   Decrease number of Java threads
#   Decrease Java thread stack sizes (-Xss)
#   Set larger code cache with -XX:ReservedCodeCacheSize=
# This output file may be truncated or incomplete.
#
#  Out of Memory Error (memory/allocation.inline.hpp:61), pid=11724, tid=840
#
# JRE version:  (8.0_91-b15) (build )
# Java VM: Java HotSpot(TM) 64-Bit Server VM (25.91-b15 mixed mode windows-amd64 compressed oops)
# Failed to write core dump. Minidumps are not enabled by default on client versions of Windows
#

---------------  T H R E A D  ---------------

Current thread (0x00000000023a0800):  JavaThread "Unknown thread" [_thread_in_vm, id=840, stack(0x00000000021d0000,0x00000000022d0000)]

Stack: [0x00000000021d0000,0x00000000022d0000]
[error occurred during error reporting (printing stack bounds), id 0xc0000005]

Native frames: (J=compiled Java code, j=interpreted, Vv=VM code, C=native code)


---------------  P R O C E S S  ---------------

Java Threads: ( => current thread )

Other Threads:

=>0x00000000023a0800 (exited) JavaThread "Unknown thread" [_thread_in_vm, id=840, stack(0x00000000021d0000,0x00000000022d0000)]

VM state:not at safepoint (normal execution)

VM Mutex/Monitor currently owned by a thread: None

Heap:
 PSYoungGen      total 28672K, used 491K [0x00000000eab00000, 0x00000000ecb00000, 0x0000000100000000)
  eden space 24576K, 2% used [0x00000000eab00000,0x00000000eab7ae20,0x00000000ec300000)
  from space 4096K, 0% used [0x00000000ec700000,0x00000000ec700000,0x00000000ecb00000)
  to   space 4096K, 0% used [0x00000000ec300000,0x00000000ec300000,0x00000000ec700000)
 ParOldGen       total 65536K, used 0K [0x00000000c0000000, 0x00000000c4000000, 0x00000000eab00000)
  object space 65536K, 0% used [0x00000000c0000000,0x00000000c0000000,0x00000000c4000000)
 Metaspace       used 769K, capacity 4480K, committed 4480K, reserved 1056768K
  class space    used 75K, capacity 384K, committed 384K, reserved 1048576K

Card table byte_map: [0x0000000011860000,0x0000000011a70000] byte_map_base: 0x0000000011260000

Marking Bits: (ParMarkBitMap*) 0x00000000611a2f70
 Begin Bits: [0x0000000011fd0000, 0x0000000012fd0000)
 End Bits:   [0x0000000012fd0000, 0x0000000013fd0000)

Polling page: 0x0000000000660000

CodeCache: size=245760Kb used=328Kb max_used=328Kb free=245431Kb
 bounds [0x00000000024a0000, 0x0000000002710000, 0x00000000114a0000]
 total_blobs=58 nmethods=0 adapters=38
 compilation: enabled

Compilation events (0 events):
No events

GC Heap History (0 events):
No events

Deoptimization events (0 events):
No events

Internal exceptions (0 events):
No events

Events (10 events):
Event: 0.816 loading class java/lang/Short
Event: 0.816 loading class java/lang/Short done
Event: 0.816 loading class java/lang/Integer
Event: 0.816 loading class java/lang/Integer done
Event: 0.816 loading class java/lang/Long
Event: 0.817 loading class java/lang/Long done
Event: 0.818 loading class java/lang/NullPointerException
Event: 0.818 loading class java/lang/NullPointerException done
Event: 0.818 loading class java/lang/ArithmeticException
Event: 0.818 loading class java/lang/ArithmeticException done


Dynamic libraries:
0x00007ff64d990000 - 0x00007ff64d9c7000 	C:\Program Files\Java\jdk1.8.0_91\bin\java.exe
0x00007ffb00ff0000 - 0x00007ffb011c1000 	C:\WINDOWS\SYSTEM32\ntdll.dll
0x00007ffafe770000 - 0x00007ffafe81b000 	C:\WINDOWS\System32\KERNEL32.DLL
0x00007ffafdab0000 - 0x00007ffafdccd000 	C:\WINDOWS\System32\KERNELBASE.dll
0x00007ffb00aa0000 - 0x00007ffb00b42000 	C:\WINDOWS\System32\ADVAPI32.dll
0x00007ffb003b0000 - 0x00007ffb0044e000 	C:\WINDOWS\System32\msvcrt.dll
0x00007ffb00d60000 - 0x00007ffb00db9000 	C:\WINDOWS\System32\sechost.dll
0x00007ffafea30000 - 0x00007ffafeb51000 	C:\WINDOWS\System32\RPCRT4.dll
0x00007ffafe600000 - 0x00007ffafe765000 	C:\WINDOWS\System32\USER32.dll
0x00007ffafd730000 - 0x00007ffafd74e000 	C:\WINDOWS\System32\win32u.dll
0x00007ffafe980000 - 0x00007ffafe9b4000 	C:\WINDOWS\System32\GDI32.dll
0x00007ffafd750000 - 0x00007ffafd8d2000 	C:\WINDOWS\System32\gdi32full.dll
0x00007ffaf33c0000 - 0x00007ffaf3639000 	C:\WINDOWS\WinSxS\amd64_microsoft.windows.common-controls_6595b64144ccf1df_6.0.14393.447_none_42191651c6827bb3\COMCTL32.dll
0x00007ffb000e0000 - 0x00007ffb003a8000 	C:\WINDOWS\System32\combase.dll
0x00007ffafdd80000 - 0x00007ffafde75000 	C:\WINDOWS\System32\ucrtbase.dll
0x00007ffafd6c0000 - 0x00007ffafd72a000 	C:\WINDOWS\System32\bcryptPrimitives.dll
0x00007ffb00f60000 - 0x00007ffb00f8e000 	C:\WINDOWS\System32\IMM32.DLL
0x00000000605a0000 - 0x0000000060672000 	C:\Program Files\Java\jdk1.8.0_91\jre\bin\msvcr100.dll
0x0000000060990000 - 0x0000000061223000 	C:\Program Files\Java\jdk1.8.0_91\jre\bin\server\jvm.dll
0x00007ffb00be0000 - 0x00007ffb00be8000 	C:\WINDOWS\System32\PSAPI.DLL
0x00007ffaf15d0000 - 0x00007ffaf15d9000 	C:\WINDOWS\SYSTEM32\WSOCK32.dll
0x00007ffb00070000 - 0x00007ffb000da000 	C:\WINDOWS\System32\WS2_32.dll
0x00007ffafb1c0000 - 0x00007ffafb1e3000 	C:\WINDOWS\SYSTEM32\WINMM.dll
0x00007ffafac30000 - 0x00007ffafac3a000 	C:\WINDOWS\SYSTEM32\VERSION.dll
0x00007ffafb070000 - 0x00007ffafb09b000 	C:\WINDOWS\SYSTEM32\WINMMBASE.dll
0x00007ffafd4c0000 - 0x00007ffafd502000 	C:\WINDOWS\System32\cfgmgr32.dll
0x0000000061f70000 - 0x0000000061f7f000 	C:\Program Files\Java\jdk1.8.0_91\jre\bin\verify.dll
0x0000000061f40000 - 0x0000000061f69000 	C:\Program Files\Java\jdk1.8.0_91\jre\bin\java.dll
0x0000000061f20000 - 0x0000000061f36000 	C:\Program Files\Java\jdk1.8.0_91\jre\bin\zip.dll

VM Arguments:
jvm_args: -Djava.awt.headless=true -Xmx1024M -Dfile.encoding=windows-1252 -Duser.country=US -Duser.language=en -Duser.variant 
java_command: com.android.dx.command.Main --dex --force-jumbo --num-threads=4 --multi-dex --output C:\Users\Goyal\AndroidStudioProjects\BMUAPP\app\build\intermediates\transforms\dex\debug\folders\1000\10\com.android.support-cardview-v7-24.1.1_62986d2503f9b947a0a15ddb6aee46ab76f94aa3 C:\Users\Goyal\AndroidStudioProjects\BMUAPP\app\build\intermediates\exploded-aar\com.android.support\cardview-v7\24.1.1\jars\classes.jar
java_class_path (initial): C:\Users\Goyal\Desktop\Android_studio\sdk\build-tools\24.0.0\lib\dx.jar
Launcher Type: SUN_STANDARD

Environment Variables:
PATH=C:\ProgramData\Oracle\Java\javapath;C:\Program Files\Common Files\Microsoft Shared\Windows Live;C:\Program Files (x86)\Common Files\Microsoft Shared\Windows Live;c:\Program Files (x86)\Intel\iCLS Client\;c:\Program Files\Intel\iCLS Client\;C:\WINDOWS\system32;C:\WINDOWS;C:\WINDOWS\System32\Wbem;C:\WINDOWS\System32\WindowsPowerShell\v1.0\;C:\Program Files\Intel\WiFi\bin\;C:\Program Files\Common Files\Intel\WirelessCommon\;C:\Program Files (x86)\Windows Live\Shared;C:\Program Files (x86)\Skype\Phone\;C:\Program Files\Java\jdk1.7.0_79\bin;%USERPROFILE%\AppData\Local\Microsoft\WindowsApps;
USERNAME=Goyal
OS=Windows_NT
PROCESSOR_IDENTIFIER=Intel64 Family 6 Model 58 Stepping 9, GenuineIntel



---------------  S Y S T E M  ---------------

OS: Windows 10.0 , 64 bit Build 14393 (10.0.14393.0)

CPU:total 4 (2 cores per cpu, 2 threads per core) family 6 model 58 stepping 9, cmov, cx8, fxsr, mmx, sse, sse2, sse3, ssse3, sse4.1, sse4.2, popcnt, avx, aes, clmul, erms, ht, tsc, tscinvbit, tscinv

Memory: 4k page, physical 6191464k(304444k free), swap 10444912k(2956k free)

vm_info: Java HotSpot(TM) 64-Bit Server VM (25.91-b15) for windows-amd64 JRE (1.8.0_91-b15), built on May 20 2016 17:43:15 by "java_re" with MS VC++ 10.0 (VS2010)

time: Fri May 12 15:01:04 2017
elapsed time: 0 seconds (0d 0h 0m 0s)

